<?xml version="1.0" encoding="UTF-8"?>
<!-- Generated by org.testng.reporters.JUnitReportReporter -->
<testsuite hostname="LAPTOP-IE9OQOHI" name="org.test.ParameterEx" tests="5" failures="0" timestamp="15 Dec 2021 12:53:35 GMT" time="14.214" errors="0">
  <testcase name="tc1" time="2.776" classname="org.test.ParameterEx"/>
  <testcase name="tc1" time="2.775" classname="org.test.ParameterEx"/>
  <testcase name="tc1" time="2.739" classname="org.test.ParameterEx"/>
  <testcase name="tc1" time="2.717" classname="org.test.ParameterEx"/>
  <testcase name="tc1" time="3.207" classname="org.test.ParameterEx"/>
</testsuite> <!-- org.test.ParameterEx -->
