<?xml version="1.0" encoding="UTF-8"?>
<!-- Generated by org.testng.reporters.JUnitReportReporter -->
<testsuite hostname="LAPTOP-IE9OQOHI" name="org.test.SampleTEstNg" tests="4" failures="0" timestamp="13 Dec 2021 13:20:56 GMT" time="0.029" errors="0">
  <testcase name="test3" time="0.000" classname="org.test.SampleTEstNg"/>
  <testcase name="test1" time="0.014" classname="org.test.SampleTEstNg"/>
  <testcase name="test4" time="0.015" classname="org.test.SampleTEstNg"/>
  <testcase name="test2" time="0.000" classname="org.test.SampleTEstNg"/>
</testsuite> <!-- org.test.SampleTEstNg -->
