<?xml version="1.0" encoding="UTF-8"?>
<!-- Generated by org.testng.reporters.JUnitReportReporter -->
<testsuite hostname="LAPTOP-IE9OQOHI" name="org.test.Example" tests="10" failures="0" timestamp="16 Dec 2021 12:50:01 GMT" time="0.022" errors="0">
  <testcase name="tc2" time="0.010" classname="org.test.Example"/>
  <testcase name="tc1" time="0.001" classname="org.test.Example"/>
  <testcase name="tc2" time="0.000" classname="org.test.Example"/>
  <testcase name="tc4" time="0.001" classname="org.test.Example"/>
  <testcase name="tc1" time="0.001" classname="org.test.Example"/>
  <testcase name="tc3" time="0.001" classname="org.test.Example"/>
  <testcase name="tc5" time="0.001" classname="org.test.Example"/>
  <testcase name="tc5" time="0.001" classname="org.test.Example"/>
  <testcase name="tc4" time="0.004" classname="org.test.Example"/>
  <testcase name="tc3" time="0.002" classname="org.test.Example"/>
</testsuite> <!-- org.test.Example -->
