<?xml version="1.0" encoding="UTF-8"?>
<!-- Generated by org.testng.reporters.JUnitReportReporter -->
<testsuite hostname="LAPTOP-IE9OQOHI" name="org.sam.own.A" tests="1" failures="0" timestamp="15 Dec 2021 11:32:08 GMT" time="0.017" errors="0">
  <testcase name="tc33" time="0.017" classname="org.sam.own.A"/>
</testsuite> <!-- org.sam.own.A -->
