<?xml version="1.0" encoding="UTF-8"?>
<!-- Generated by org.testng.reporters.JUnitReportReporter -->
<testsuite hostname="LAPTOP-IE9OQOHI" name="org.sam.own.Sample" tests="7" failures="0" timestamp="15 Dec 2021 11:27:24 GMT" time="20.176" errors="0">
  <testcase name="tc2" time="0.003" classname="org.sam.own.Sample"/>
  <testcase name="tc4" time="4.379" classname="org.sam.own.Sample"/>
  <testcase name="tc1" time="0.011" classname="org.sam.own.Sample"/>
  <testcase name="tc3" time="0.002" classname="org.sam.own.Sample"/>
  <testcase name="tc4" time="5.190" classname="org.sam.own.Sample"/>
  <testcase name="tc4" time="5.891" classname="org.sam.own.Sample"/>
  <testcase name="tc4" time="4.700" classname="org.sam.own.Sample"/>
</testsuite> <!-- org.sam.own.Sample -->
