<?xml version="1.0" encoding="UTF-8"?>
<!-- Generated by org.testng.reporters.JUnitReportReporter -->
<testsuite hostname="LAPTOP-IE9OQOHI" name="org.test.SampleTest" tests="1" failures="0" timestamp="14 Dec 2021 11:53:11 GMT" time="1.814" errors="0">
  <testcase name="tc1" time="1.814" classname="org.test.SampleTest"/>
</testsuite> <!-- org.test.SampleTest -->
